2014-10-16 13:14:23,107 [main] [A2] [INFO] - 数据接收
2014-10-16 13:14:27,943 [main] [A2] [INFO] - 数据采集
2014-10-16 13:14:31,032 [main] [A2] [INFO] - 发送数据
2014-10-16 13:14:35,276 [main] [A2] [INFO] - 数据发送完毕
2014-10-16 13:20:55,763 [main] [A2] [INFO] - 数据接收
2014-10-16 13:20:55,779 [main] [A2] [WARN] - 数据接收异常或入库异常
2014-10-16 13:21:09,195 [main] [A2] [INFO] - 数据接收
2014-10-16 13:21:09,210 [main] [A2] [WARN] - 数据接收异常或入库异常
2014-10-16 13:21:23,610 [main] [A2] [INFO] - 数据接收
2014-10-16 13:21:28,399 [main] [A2] [INFO] - 数据采集
2014-10-16 13:21:31,629 [main] [A2] [INFO] - 发送数据
2014-10-16 13:21:31,629 [main] [A2] [WARN] - 数据发送异常
2014-10-16 13:22:53,671 [main] [A2] [INFO] - 数据接收
2014-10-16 13:22:58,398 [main] [A2] [INFO] - 数据采集
2014-10-16 13:23:01,565 [main] [A2] [INFO] - 发送数据
2014-10-16 13:23:01,565 [main] [A2] [WARN] - 数据发送异常
2014-10-16 13:25:22,404 [main] [A2] [INFO] - 数据接收
2014-10-16 13:25:27,053 [main] [A2] [INFO] - 数据采集
2014-10-16 13:25:30,188 [main] [A2] [INFO] - 发送数据
2014-10-16 13:25:30,204 [main] [A2] [WARN] - 数据发送异常
2014-10-16 14:06:24,051 [main] [A2] [INFO] - 数据接收
2014-10-16 14:06:31,008 [main] [A2] [INFO] - 数据采集
2014-10-16 14:06:34,128 [main] [A2] [INFO] - 发送数据
2014-10-16 14:06:34,128 [main] [A2] [WARN] - 数据发送异常
2014-10-16 14:08:09,994 [main] [A2] [INFO] - 数据接收
2014-10-16 14:08:15,080 [main] [A2] [INFO] - 数据采集
2014-10-16 14:08:18,216 [main] [A2] [INFO] - 发送数据
2014-10-16 14:08:18,216 [main] [A2] [WARN] - 数据发送异常
2014-10-16 14:20:46,300 [main] [A2] [INFO] - 数据接收
2014-10-16 14:20:51,604 [main] [A2] [INFO] - 数据采集
2014-10-16 14:20:54,692 [main] [A2] [INFO] - 发送数据
2014-10-16 14:20:54,692 [main] [A2] [WARN] - 数据发送异常
2014-10-16 14:28:52,699 [main] [A2] [INFO] - 数据采集
2014-10-16 14:28:56,006 [main] [A2] [INFO] - 发送数据
2014-10-16 14:28:56,006 [main] [A2] [WARN] - 数据发送异常
2014-10-16 14:39:47,719 [main] [A2] [INFO] - 数据采集
2014-10-16 14:39:50,901 [main] [A2] [INFO] - 发送数据
2014-10-16 14:39:50,901 [main] [A2] [WARN] - 数据发送异常
2014-10-16 14:40:35,627 [main] [A2] [INFO] - 数据采集
2014-10-16 14:40:38,747 [main] [A2] [INFO] - 发送数据
2014-10-16 14:40:38,747 [main] [A2] [WARN] - 数据发送异常
2014-10-16 14:41:25,517 [main] [A2] [INFO] - 数据采集
2014-10-16 14:41:28,840 [main] [A2] [INFO] - 发送数据
2014-10-16 14:41:28,872 [main] [A2] [WARN] - 数据发送异常
2014-10-16 14:41:35,722 [main] [A2] [INFO] - 数据采集
2014-10-16 14:41:39,013 [main] [A2] [INFO] - 发送数据
2014-10-16 14:42:16,722 [main] [A2] [INFO] - 数据接收
2014-10-16 14:42:20,824 [main] [A2] [INFO] - 数据采集
2014-10-16 14:42:23,976 [main] [A2] [INFO] - 发送数据
2014-10-16 14:42:34,413 [main] [A2] [INFO] - 数据发送完毕
2014-10-16 14:44:21,027 [main] [A2] [INFO] - 数据接收
2014-10-16 14:44:26,284 [main] [A2] [INFO] - 数据采集
2014-10-16 14:44:29,435 [main] [A2] [INFO] - 发送数据
2014-10-16 14:44:29,435 [main] [A2] [WARN] - 数据发送异常
2014-10-16 14:45:20,791 [main] [A2] [INFO] - 数据采集
2014-10-16 14:45:23,958 [main] [A2] [INFO] - 发送数据
2014-10-16 14:45:23,958 [main] [A2] [WARN] - 数据发送异常
2014-10-16 14:45:38,593 [main] [A2] [INFO] - 数据接收
2014-10-16 14:45:43,257 [main] [A2] [INFO] - 数据采集
2014-10-16 14:45:46,549 [main] [A2] [INFO] - 发送数据
2014-10-16 14:45:57,907 [main] [A2] [INFO] - 数据发送完毕
2014-10-16 14:52:55,873 [main] [A2] [INFO] - 数据接收
2014-10-16 14:53:00,568 [main] [A2] [INFO] - 数据采集
2014-10-16 14:53:03,673 [main] [A2] [INFO] - 发送数据
2014-10-16 14:53:03,688 [main] [A2] [WARN] - 数据发送异常
2014-10-16 14:53:21,038 [main] [A2] [INFO] - 数据采集
2014-10-16 14:53:24,314 [main] [A2] [INFO] - 发送数据
2014-10-16 14:53:53,534 [main] [A2] [INFO] - 数据发送完毕
2014-10-16 14:55:46,606 [main] [A2] [INFO] - 数据接收
2014-10-16 14:55:52,144 [main] [A2] [INFO] - 数据采集
2014-10-16 14:55:55,295 [main] [A2] [INFO] - 发送数据
2014-10-16 14:55:55,310 [main] [A2] [WARN] - 数据发送异常
2014-10-16 14:59:52,652 [main] [A2] [INFO] - 数据接收
2014-10-16 14:59:57,800 [main] [A2] [INFO] - 数据采集
2014-10-16 15:00:00,936 [main] [A2] [INFO] - 发送数据
2014-10-16 15:00:16,162 [main] [A2] [INFO] - 数据发送完毕
2014-10-16 15:08:01,857 [main] [A2] [INFO] - 数据接收
2014-10-16 15:08:06,709 [main] [A2] [INFO] - 数据采集
2014-10-16 15:08:09,845 [main] [A2] [INFO] - 发送数据
2014-10-16 15:08:28,581 [main] [A2] [INFO] - 数据发送完毕
2014-10-16 15:14:23,407 [main] [A2] [INFO] - 数据接收
2014-10-16 15:14:28,165 [main] [A2] [INFO] - 数据采集
2014-10-16 15:14:31,332 [main] [A2] [INFO] - 发送数据
2014-10-16 15:14:41,956 [main] [A2] [INFO] - 数据发送完毕
2014-10-16 15:20:26,143 [main] [A2] [INFO] - 数据接收
2014-10-16 15:20:30,324 [main] [A2] [INFO] - 数据采集
2014-10-16 15:20:33,475 [main] [A2] [INFO] - 发送数据
2014-10-16 15:20:40,840 [main] [A2] [INFO] - 数据发送完毕
2014-10-16 15:30:32,848 [main] [A2] [INFO] - 数据接收
2014-10-16 15:30:36,624 [main] [A2] [INFO] - 数据采集
2014-10-16 15:30:39,744 [main] [A2] [INFO] - 发送数据
2014-10-16 15:31:07,359 [main] [A2] [INFO] - 数据发送完毕
2014-10-16 15:58:54,756 [main] [A2] [INFO] - 数据接收
2014-10-16 15:59:55,880 [main] [A2] [INFO] - 数据接收
2014-10-16 16:10:59,590 [main] [A2] [INFO] - 数据接收
2014-10-16 16:11:39,136 [main] [A2] [INFO] - 数据采集
2014-10-16 16:11:42,209 [main] [A2] [INFO] - 发送数据
2014-10-16 16:11:43,099 [main] [A2] [INFO] - 本次数据接收完毕并入库
2014-10-16 16:12:06,688 [main] [A2] [INFO] - 数据发送完毕
